Grading revision r31428 by jtmorri2, dated 2015-03-29 23:35:12.000893188 -0500 CDT
Monad Autograder
Testing lab_dict at 2015-03-30 00:36:42

"Optimism is an occupational hazard of programming; feedback is the treatment." ~ Kent Beck

Setting up test environment...
Compiling...
================================================================


Running tests...
================================================================
test_get_anagrams  . . . . [15 pts] - FAILED: unit_tests.cpp:38: Assertion (canon == result) failed
test_get_all_anagrams  . . [15 pts] - FAILED: unit_tests.cpp:57: Assertion (canon == result_set) failed
test_fib . . . . . . . . . [5 pts]  - passed
test_memoized_fib  . . . . [15 pts] - passed
test_homophones  . . . . . [10 pts] - passed
test_cartalk_puzzle  . . . [10 pts] - passed
test_get_common_words_3  . [15 pts] - passed
test_get_common_words_3000 [15 pts] - passed


Total score...
================================================================
TOTAL SCORE: 70



Detailed test output...
================================================================
----------------------------------------------------------------
test_get_anagrams [15 points]
Result: FAILED: unit_tests.cpp:38: Assertion (canon == result) failed
Took 0ms (5000ms timeout)
Output:
----------------------------------------------------------------

----------------------------------------------------------------
test_get_all_anagrams [15 points]
Result: FAILED: unit_tests.cpp:57: Assertion (canon == result_set) failed
Took 0ms (5000ms timeout)
Output:
----------------------------------------------------------------


----------------------------------------------------------------
Total score...
================================================================
TOTAL SCORE: 70

