...................E.E........
Time: 0.089
There were 2 errors:
1) testOddSumEven(OddSumTest)java.lang.ArrayIndexOutOfBoundsException: 10
	at OddSum.main(OddSum.java:29)
	at OddSumTest.testOddSumEven(OddSumTest.java:40)
	at sun.reflect.NativeMethodAccessorImpl.invoke0(Native Method)
	at sun.reflect.NativeMethodAccessorImpl.invoke(NativeMethodAccessorImpl.java:57)
	at sun.reflect.DelegatingMethodAccessorImpl.invoke(DelegatingMethodAccessorImpl.java:43)
	at AutomaticScoreCheck.main(AutomaticScoreCheck.java:23)
2) testOddSumOdd(OddSumTest)java.lang.ArrayIndexOutOfBoundsException: 10
	at OddSum.main(OddSum.java:29)
	at OddSumTest.testOddSumOdd(OddSumTest.java:56)
	at sun.reflect.NativeMethodAccessorImpl.invoke0(Native Method)
	at sun.reflect.NativeMethodAccessorImpl.invoke(NativeMethodAccessorImpl.java:57)
	at sun.reflect.DelegatingMethodAccessorImpl.invoke(DelegatingMethodAccessorImpl.java:43)
	at AutomaticScoreCheck.main(AutomaticScoreCheck.java:23)

FAILURES!!!
Tests run: 28,  Failures: 0,  Errors: 2

26 passed out of 28
Score=92
